Using pre-set license
Built from '2020.3/release' branch; Version is '2020.3.12f1 (b3b2c6512326) revision 11776710'; Using compiler version '192528614'; Build Type 'Release'
OS: 'Windows 10 Pro; OS build 19043.1165; Version 2009; 64bit' Language: 'ko' Physical Memory: 15286 MB
BatchMode: 1, IsHumanControllingUs: 0, StartBugReporterOnCrash: 0, Is64bit: 1, IsPro: 0

 COMMAND LINE ARGUMENTS:
D:\Unity3D\2020.3.12f1\Editor\Unity.exe
-adb2
-batchMode
-noUpm
-name
AssetImportWorker0
-projectPath
D:/Github/AOS
-logFile
Logs/AssetImportWorker0.log
-srvPort
50608
Successfully changed project path to: D:/Github/AOS
D:/Github/AOS
Using Asset Import Pipeline V2.
Refreshing native plugins compatible for Editor in 23.62 ms, found 2 plugins.
Preloading 0 native plugins for Editor in 0.00 ms.
Initialize engine version: 2020.3.12f1 (b3b2c6512326)
[Subsystems] Discovering subsystems at path D:/Unity3D/2020.3.12f1/Editor/Data/Resources/UnitySubsystems
[Subsystems] Discovering subsystems at path D:/Github/AOS/Assets
GfxDevice: creating device client; threaded=0
Direct3D:
    Version:  Direct3D 11.0 [level 11.1]
    Renderer: NVIDIA GeForce GTX 1060 3GB (ID=0x1c02)
    Vendor:   
    VRAM:     2988 MB
    Driver:   27.21.14.6627
Initialize mono
Mono path[0] = 'D:/Unity3D/2020.3.12f1/Editor/Data/Managed'
Mono path[1] = 'D:/Unity3D/2020.3.12f1/Editor/Data/MonoBleedingEdge/lib/mono/unityjit'
Mono config path = 'D:/Unity3D/2020.3.12f1/Editor/Data/MonoBleedingEdge/etc'
Using monoOptions --debugger-agent=transport=dt_socket,embedding=1,server=y,suspend=n,address=127.0.0.1:56428
Begin MonoManager ReloadAssembly
Registering precompiled unity dll's ...
Register platform support module: D:/Unity3D/2020.3.12f1/Editor/Data/PlaybackEngines/WindowsStandaloneSupport/UnityEditor.WindowsStandalone.Extensions.dll
Registered in 0.001142 seconds.
Native extension for WindowsStandalone target not found
Refreshing native plugins compatible for Editor in 23.36 ms, found 2 plugins.
Preloading 0 native plugins for Editor in 0.00 ms.
Mono: successfully reloaded assembly
- Completed reload, in  0.821 seconds
Platform modules already initialized, skipping
Registering precompiled user dll's ...
Registered in 0.003248 seconds.
Begin MonoManager ReloadAssembly
Native extension for WindowsStandalone target not found
Refreshing native plugins compatible for Editor in 0.29 ms, found 2 plugins.
Preloading 0 native plugins for Editor in 0.00 ms.
Mono: successfully reloaded assembly
- Completed reload, in  0.842 seconds
Platform modules already initialized, skipping
========================================================================
Worker process is ready to serve import requests
Launched and connected shader compiler UnityShaderCompiler.exe after 0.07 seconds
Refreshing native plugins compatible for Editor in 0.68 ms, found 2 plugins.
Preloading 0 native plugins for Editor in 0.00 ms.
Unloading 1386 Unused Serialized files (Serialized files now loaded: 0)
System memory in use before: 67.2 MB.
System memory in use after: 67.3 MB.

Unloading 19 unused Assets to reduce memory usage. Loaded Objects now: 1819.
Total: 1.493500 ms (FindLiveObjects: 0.113500 ms CreateObjectMapping: 0.032000 ms MarkObjects: 1.282800 ms  DeleteObjects: 0.064300 ms)

AssetImportParameters requested are different than current active one (requested -> active):
  custom:framework-win-MediaFoundation: 216162199b28c13a410421893ffa2e32 -> 
  custom:video-decoder-ogg-theora: a1e56fd34408186e4bbccfd4996cb3dc -> 
  custom:container-muxer-webm: aa71ff27fc2769a1b78a27578f13a17b -> 
  custom:container-demuxer-webm: 4f35f7cbe854078d1ac9338744f61a02 -> 
  custom:container-demuxer-ogg: 62fdf1f143b41e24485cea50d1cbac27 -> 
  custom:video-encoder-webm-vp8: eb34c28f22e8b96e1ab97ce403110664 -> 
  custom:video-decoder-webm-vp8: 9c59270c3fd7afecdb556c50c9e8de78 -> 
  custom:audio-decoder-ogg-vorbis: bf7c407c2cedff20999df2af8eb42d56 -> 
  custom:audio-encoder-webm-vorbis: bf7c407c2cedff20999df2af8eb42d56 -> 
========================================================================
Received Import Request.
  path: Assets/Scenes
  artifactKey: Guid(2de2c63b5d6971b43a8489f2ceb806d7) Importer(815301076,1909f56bfc062723c751e8b465ee728b)
Start importing Assets/Scenes using Guid(2de2c63b5d6971b43a8489f2ceb806d7) Importer(815301076,1909f56bfc062723c751e8b465ee728b)  -> (artifact id: 'c67f001138d9b4832461781e466bcfbe') in 0.006228 seconds 
  Import took 0.008118 seconds .

========================================================================
Received Import Request.
  Time since last request: 0.000244 seconds.
  path: Assets/Scenes/SampleScene.unity
  artifactKey: Guid(9fc0d4010bbf28b4594072e72b8655ab) Importer(815301076,1909f56bfc062723c751e8b465ee728b)
Start importing Assets/Scenes/SampleScene.unity using Guid(9fc0d4010bbf28b4594072e72b8655ab) Importer(815301076,1909f56bfc062723c751e8b465ee728b)  -> (artifact id: '85059f4f9e1a832ed95adaa0d25c5c4c') in 0.011537 seconds 
  Import took 0.013399 seconds .

========================================================================
Received Import Request.
  Time since last request: 4.181715 seconds.
  path: Assets
  artifactKey: Guid(00000000000000001000000000000000) Importer(815301076,1909f56bfc062723c751e8b465ee728b)
Start importing Assets using Guid(00000000000000001000000000000000) Importer(815301076,1909f56bfc062723c751e8b465ee728b)  -> (artifact id: '42d402b061de3733987d63b9cc3b64de') in 0.004730 seconds 
  Import took 0.006623 seconds .

========================================================================
Received Import Request.
  Time since last request: 5.194174 seconds.
  path: Assets/Models
  artifactKey: Guid(27808385c6a11b9488d8ef1f362d3140) Importer(815301076,1909f56bfc062723c751e8b465ee728b)
Start importing Assets/Models using Guid(27808385c6a11b9488d8ef1f362d3140) Importer(815301076,1909f56bfc062723c751e8b465ee728b)  -> (artifact id: '765e813f9ede2905328da5f6b74ca5f0') in 0.005326 seconds 
  Import took 0.008137 seconds .

========================================================================
Received Import Request.
  Time since last request: 0.001234 seconds.
  path: Assets/Models
  artifactKey: Guid(27808385c6a11b9488d8ef1f362d3140) Importer(815301076,1909f56bfc062723c751e8b465ee728b)
Start importing Assets/Models using Guid(27808385c6a11b9488d8ef1f362d3140) Importer(815301076,1909f56bfc062723c751e8b465ee728b)  -> (artifact id: '765e813f9ede2905328da5f6b74ca5f0') in 0.001689 seconds 
  Import took 0.004074 seconds .

========================================================================
Received Import Request.
  Time since last request: 10.156336 seconds.
  path: Assets/Models/TRUY.fbx
  artifactKey: Guid(dc15155446ab92745acdb180d6eeec94) Importer(815301076,1909f56bfc062723c751e8b465ee728b)
Start importing Assets/Models/TRUY.fbx using Guid(dc15155446ab92745acdb180d6eeec94) Importer(815301076,1909f56bfc062723c751e8b465ee728b)  -> (artifact id: '254a3ffa727481f32f59243860db2e01') in 0.614648 seconds 
  Import took 0.617455 seconds .

========================================================================
Received Prepare
Registering precompiled user dll's ...
Registered in 0.002799 seconds.
Begin MonoManager ReloadAssembly
Native extension for WindowsStandalone target not found
Refreshing native plugins compatible for Editor in 0.27 ms, found 2 plugins.
Preloading 0 native plugins for Editor in 0.00 ms.
Mono: successfully reloaded assembly
- Completed reload, in  0.777 seconds
Platform modules already initialized, skipping
Refreshing native plugins compatible for Editor in 0.29 ms, found 2 plugins.
Preloading 0 native plugins for Editor in 0.00 ms.
Unloading 1381 Unused Serialized files (Serialized files now loaded: 0)
System memory in use before: 84.2 MB.
System memory in use after: 84.3 MB.

Unloading 14 unused Assets to reduce memory usage. Loaded Objects now: 1866.
Total: 1.916100 ms (FindLiveObjects: 0.146700 ms CreateObjectMapping: 0.043600 ms MarkObjects: 1.669000 ms  DeleteObjects: 0.055900 ms)

AssetImportParameters requested are different than current active one (requested -> active):
  custom:framework-win-MediaFoundation: 216162199b28c13a410421893ffa2e32 -> 
  custom:video-decoder-ogg-theora: a1e56fd34408186e4bbccfd4996cb3dc -> 
  custom:container-muxer-webm: aa71ff27fc2769a1b78a27578f13a17b -> 
  custom:container-demuxer-webm: 4f35f7cbe854078d1ac9338744f61a02 -> 
  custom:container-demuxer-ogg: 62fdf1f143b41e24485cea50d1cbac27 -> 
  custom:video-encoder-webm-vp8: eb34c28f22e8b96e1ab97ce403110664 -> 
  custom:video-decoder-webm-vp8: 9c59270c3fd7afecdb556c50c9e8de78 -> 
  custom:audio-decoder-ogg-vorbis: bf7c407c2cedff20999df2af8eb42d56 -> 
  custom:audio-encoder-webm-vorbis: bf7c407c2cedff20999df2af8eb42d56 -> 
========================================================================
Received Import Request.
  Time since last request: 42.730575 seconds.
  path: Assets/Models/New Material.mat
  artifactKey: Guid(3e8864b1e23f8cf4fb5ae9df86e96bc9) Importer(815301076,1909f56bfc062723c751e8b465ee728b)
Start importing Assets/Models/New Material.mat using Guid(3e8864b1e23f8cf4fb5ae9df86e96bc9) Importer(815301076,1909f56bfc062723c751e8b465ee728b)  -> (artifact id: '00000000000000000000000000000000') in 13.715065 seconds  code(4) message(Build asset version error: assets/models/new material.mat in SourceAssetDB has modification time of '2021-09-03T00:42:27.2273491Z' while content on disk has modification time of '0001-01-01T00:00:00Z' with error code 2
Stacktrace:
0x00007ff615d0c36c (Unity) StackWalker::GetCurrentCallstack
0x00007ff615d14749 (Unity) StackWalker::ShowCallstack
0x00007ff6171fd27c (Unity) GetStacktrace
0x00007ff6173db267 (Unity) GetAssetHashAndValidate
0x00007ff6173d6433 (Unity) AssetVersionBuilder::BuildHashOfSourceAssetArray
0x00007ff6173d43a2 (Unity) AssetVersionBuilder::BuildAssetVersion
0x00007ff6173ae80d (Unity) CreateAssetVersionBuilder
0x00007ff6173b550d (Unity) ImportToObjects
0x00007ff6173b4328 (Unity) ImportAsset
0x00007ff617316108 (Unity) AssetImportWorker::Import
0x00007ff617369fef (Unity) <lambda_e7e5f5e49556456463706cfa5dd72d0a>::operator()
0x00007ff61740d592 (Unity) asio::detail::completion_handler<core::mutable_function<void __cdecl(void)> >::do_complete
0x00007ff61740f6f0 (Unity) asio::detail::win_iocp_io_service::do_one
0x00007ff617412e7e (Unity) asio::io_service::run
0x00007ff61739627b (Unity) RunAssetImportWorkerClientV2
0x00007ff6173962d0 (Unity) RunAssetImporterV2
0x00007ff616884df6 (Unity) Application::InitializeProject
0x00007ff61720a7e2 (Unity) WinMain
0x00007ff61905ae86 (Unity) __scrt_common_main_seh
0x00007ffe1d097034 (KERNEL32) BaseThreadInitThunk
0x00007ffe1dd82651 (ntdll) RtlUserThreadStart
)
  ERROR: Build asset version error: assets/models/new material.mat in SourceAssetDB has modification time of '2021-09-03T00:42:27.2273491Z' while content on disk has modification time of '0001-01-01T00:00:00Z' with error code 2
Stacktrace:
0x00007ff615d0c36c (Unity) StackWalker::GetCurrentCallstack
0x00007ff615d14749 (Unity) StackWalker::ShowCallstack
0x00007ff6171fd27c (Unity) GetStacktrace
0x00007ff6173db267 (Unity) GetAssetHashAndValidate
0x00007ff6173d6433 (Unity) AssetVersionBuilder::BuildHashOfSourceAssetArray
0x00007ff6173d43a2 (Unity) AssetVersionBuilder::BuildAssetVersion
0x00007ff6173ae80d (Unity) CreateAssetVersionBuilder
0x00007ff6173b550d (Unity) ImportToObjects
0x00007ff6173b4328 (Unity) ImportAsset
0x00007ff617316108 (Unity) AssetImportWorker::Import
0x00007ff617369fef (Unity) <lambda_e7e5f5e49556456463706cfa5dd72d0a>::operator()
0x00007ff61740d592 (Unity) asio::detail::completion_handler<core::mutable_function<void __cdecl(void)> >::do_complete
0x00007ff61740f6f0 (Unity) asio::detail::win_iocp_io_service::do_one
0x00007ff617412e7e (Unity) asio::io_service::run
0x00007ff61739627b (Unity) RunAssetImportWorkerClientV2
0x00007ff6173962d0 (Unity) RunAssetImporterV2
0x00007ff616884df6 (Unity) Application::InitializeProject
0x00007ff61720a7e2 (Unity) WinMain
0x00007ff61905ae86 (Unity) __scrt_common_main_seh
0x00007ffe1d097034 (KERNEL32) BaseThreadInitThunk
0x00007ffe1dd82651 (ntdll) RtlUserThreadStart

  Import took 13.716939 seconds .

AssetImportWorkerClient::OnTransportError - code=2 error=End of file
